# JRE version: OpenJDK Runtime Environment (8.0_152-b01) (build 1.8.0_152-release-915-b01)
# Java VM: OpenJDK 64-Bit Server VM (25.152-b01 mixed mode windows-amd64 compressed oops)
Heap:
 PSYoungGen      total 333312K, used 74306K [0x00000000e0000000, 0x00000000f9800000, 0x0000000100000000)
  eden space 307712K, 15% used [0x00000000e0000000,0x00000000e2fabdf0,0x00000000f2c80000)
  from space 25600K, 99% used [0x00000000f2c80000,0x00000000f4564e00,0x00000000f4580000)
  to   space 29696K, 0% used [0x00000000f7b00000,0x00000000f7b00000,0x00000000f9800000)
 ParOldGen       total 88576K, used 47746K [0x00000000a0000000, 0x00000000a5680000, 0x00000000e0000000)
  object space 88576K, 53% used [0x00000000a0000000,0x00000000a2ea0940,0x00000000a5680000)
 Metaspace       used 69179K, capacity 73359K, committed 73432K, reserved 1112064K
  class space    used 9147K, capacity 10214K, committed 10240K, reserved 1048576K
GC Heap History (10 events):
Event: 104.457 GC heap before
{Heap before GC invocations=14 (full 2):
 PSYoungGen      total 219648K, used 211327K [0x00000000e0000000, 0x00000000f2a00000, 0x0000000100000000)
  eden space 203264K, 95% used [0x00000000e0000000,0x00000000ebe675a0,0x00000000ec680000)
  from space 16384K, 99% used [0x00000000ec680000,0x00000000ed6786d0,0x00000000ed680000)
  to   space 19968K, 0% used [0x00000000f1680000,0x00000000f1680000,0x00000000f2a00000)
 ParOldGen       total 45056K, used 19293K [0x00000000a0000000, 0x00000000a2c00000, 0x00000000e0000000)
  object space 45056K, 42% used [0x00000000a0000000,0x00000000a12d7758,0x00000000a2c00000)
 Metaspace       used 56711K, capacity 59005K, committed 59028K, reserved 1099776K
  class space    used 7692K, capacity 8297K, committed 8320K, reserved 1048576K
Event: 104.685 GC heap after
Heap after GC invocations=14 (full 2):
 PSYoungGen      total 276480K, used 19964K [0x00000000e0000000, 0x00000000f3d80000, 0x0000000100000000)
  eden space 256512K, 0% used [0x00000000e0000000,0x00000000e0000000,0x00000000efa80000)
  from space 19968K, 99% used [0x00000000f1680000,0x00000000f29ff050,0x00000000f2a00000)
  to   space 28672K, 0% used [0x00000000efa80000,0x00000000efa80000,0x00000000f1680000)
 ParOldGen       total 45056K, used 33426K [0x00000000a0000000, 0x00000000a2c00000, 0x00000000e0000000)
  object space 45056K, 74% used [0x00000000a0000000,0x00000000a20a4988,0x00000000a2c00000)
 Metaspace       used 56711K, capacity 59005K, committed 59028K, reserved 1099776K
  class space    used 7692K, capacity 8297K, committed 8320K, reserved 1048576K
}
Event: 104.685 GC heap before
{Heap before GC invocations=15 (full 3):
 PSYoungGen      total 276480K, used 19964K [0x00000000e0000000, 0x00000000f3d80000, 0x0000000100000000)
  eden space 256512K, 0% used [0x00000000e0000000,0x00000000e0000000,0x00000000efa80000)
  from space 19968K, 99% used [0x00000000f1680000,0x00000000f29ff050,0x00000000f2a00000)
  to   space 28672K, 0% used [0x00000000efa80000,0x00000000efa80000,0x00000000f1680000)
 ParOldGen       total 45056K, used 33426K [0x00000000a0000000, 0x00000000a2c00000, 0x00000000e0000000)
  object space 45056K, 74% used [0x00000000a0000000,0x00000000a20a4988,0x00000000a2c00000)
 Metaspace       used 56711K, capacity 59005K, committed 59028K, reserved 1099776K
  class space    used 7692K, capacity 8297K, committed 8320K, reserved 1048576K
Event: 106.190 GC heap after
Heap after GC invocations=15 (full 3):
 PSYoungGen      total 276480K, used 3042K [0x00000000e0000000, 0x00000000f3d80000, 0x0000000100000000)
  eden space 256512K, 0% used [0x00000000e0000000,0x00000000e0000000,0x00000000efa80000)
  from space 19968K, 15% used [0x00000000f1680000,0x00000000f19788b8,0x00000000f2a00000)
  to   space 28672K, 0% used [0x00000000efa80000,0x00000000efa80000,0x00000000f1680000)
 ParOldGen       total 88576K, used 44842K [0x00000000a0000000, 0x00000000a5680000, 0x00000000e0000000)
  object space 88576K, 50% used [0x00000000a0000000,0x00000000a2bca940,0x00000000a5680000)
 Metaspace       used 56711K, capacity 59005K, committed 59028K, reserved 1099776K
  class space    used 7692K, capacity 8297K, committed 8320K, reserved 1048576K
}
Event: 282.054 GC heap before
{Heap before GC invocations=16 (full 3):
 PSYoungGen      total 276480K, used 259554K [0x00000000e0000000, 0x00000000f3d80000, 0x0000000100000000)
  eden space 256512K, 100% used [0x00000000e0000000,0x00000000efa80000,0x00000000efa80000)
  from space 19968K, 15% used [0x00000000f1680000,0x00000000f19788b8,0x00000000f2a00000)
  to   space 28672K, 0% used [0x00000000efa80000,0x00000000efa80000,0x00000000f1680000)
 ParOldGen       total 88576K, used 44842K [0x00000000a0000000, 0x00000000a5680000, 0x00000000e0000000)
  object space 88576K, 50% used [0x00000000a0000000,0x00000000a2bca940,0x00000000a5680000)
 Metaspace       used 61912K, capacity 64999K, committed 65112K, reserved 1105920K
  class space    used 8213K, capacity 9058K, committed 9088K, reserved 1048576K
Event: 282.589 GC heap after
Heap after GC invocations=16 (full 3):
 PSYoungGen      total 285184K, used 10226K [0x00000000e0000000, 0x00000000f6b00000, 0x0000000100000000)
  eden space 256512K, 0% used [0x00000000e0000000,0x00000000e0000000,0x00000000efa80000)
  from space 28672K, 35% used [0x00000000efa80000,0x00000000f047c810,0x00000000f1680000)
  to   space 27136K, 0% used [0x00000000f5080000,0x00000000f5080000,0x00000000f6b00000)
 ParOldGen       total 88576K, used 47730K [0x00000000a0000000, 0x00000000a5680000, 0x00000000e0000000)
  object space 88576K, 53% used [0x00000000a0000000,0x00000000a2e9c940,0x00000000a5680000)
 Metaspace       used 61912K, capacity 64999K, committed 65112K, reserved 1105920K
  class space    used 8213K, capacity 9058K, committed 9088K, reserved 1048576K
}
Event: 426.243 GC heap before
{Heap before GC invocations=17 (full 3):
 PSYoungGen      total 285184K, used 266738K [0x00000000e0000000, 0x00000000f6b00000, 0x0000000100000000)
  eden space 256512K, 100% used [0x00000000e0000000,0x00000000efa80000,0x00000000efa80000)
  from space 28672K, 35% used [0x00000000efa80000,0x00000000f047c810,0x00000000f1680000)
  to   space 27136K, 0% used [0x00000000f5080000,0x00000000f5080000,0x00000000f6b00000)
 ParOldGen       total 88576K, used 47730K [0x00000000a0000000, 0x00000000a5680000, 0x00000000e0000000)
  object space 88576K, 53% used [0x00000000a0000000,0x00000000a2e9c940,0x00000000a5680000)
 Metaspace       used 62873K, capacity 66545K, committed 66648K, reserved 1105920K
  class space    used 8296K, capacity 9243K, committed 9344K, reserved 1048576K
Event: 426.345 GC heap after
Heap after GC invocations=17 (full 3):
 PSYoungGen      total 322048K, used 11902K [0x00000000e0000000, 0x00000000f5e80000, 0x0000000100000000)
  eden space 307712K, 0% used [0x00000000e0000000,0x00000000e0000000,0x00000000f2c80000)
  from space 14336K, 83% used [0x00000000f5080000,0x00000000f5c1f9f8,0x00000000f5e80000)
  to   space 25600K, 0% used [0x00000000f2c80000,0x00000000f2c80000,0x00000000f4580000)
 ParOldGen       total 88576K, used 47738K [0x00000000a0000000, 0x00000000a5680000, 0x00000000e0000000)
  object space 88576K, 53% used [0x00000000a0000000,0x00000000a2e9e940,0x00000000a5680000)
 Metaspace       used 62873K, capacity 66545K, committed 66648K, reserved 1105920K
  class space    used 8296K, capacity 9243K, committed 9344K, reserved 1048576K
}
Event: 1668.047 GC heap before
{Heap before GC invocations=18 (full 3):
 PSYoungGen      total 322048K, used 317898K [0x00000000e0000000, 0x00000000f5e80000, 0x0000000100000000)
  eden space 307712K, 99% used [0x00000000e0000000,0x00000000f2ad31a0,0x00000000f2c80000)
  from space 14336K, 83% used [0x00000000f5080000,0x00000000f5c1f9f8,0x00000000f5e80000)
  to   space 25600K, 0% used [0x00000000f2c80000,0x00000000f2c80000,0x00000000f4580000)
 ParOldGen       total 88576K, used 47738K [0x00000000a0000000, 0x00000000a5680000, 0x00000000e0000000)
  object space 88576K, 53% used [0x00000000a0000000,0x00000000a2e9e940,0x00000000a5680000)
 Metaspace       used 65495K, capacity 69529K, committed 69720K, reserved 1110016K
  class space    used 8622K, capacity 9599K, committed 9600K, reserved 1048576K
Event: 1668.954 GC heap after
Heap after GC invocations=18 (full 3):
 PSYoungGen      total 333312K, used 25491K [0x00000000e0000000, 0x00000000f9800000, 0x0000000100000000)
  eden space 307712K, 0% used [0x00000000e0000000,0x00000000e0000000,0x00000000f2c80000)
  from space 25600K, 99% used [0x00000000f2c80000,0x00000000f4564e00,0x00000000f4580000)
  to   space 29696K, 0% used [0x00000000f7b00000,0x00000000f7b00000,0x00000000f9800000)
 ParOldGen       total 88576K, used 47746K [0x00000000a0000000, 0x00000000a5680000, 0x00000000e0000000)
  object space 88576K, 53% used [0x00000000a0000000,0x00000000a2ea0940,0x00000000a5680000)
 Metaspace       used 65495K, capacity 69529K, committed 69720K, reserved 1110016K
  class space    used 8622K, capacity 9599K, committed 9600K, reserved 1048576K
}

